{"uuid":"07c09779-4d8b-42b4-965d-7a4889b8be87","historyId":"82912f9ddd2b5b4181965cfee7bfc71d","fullName":"Events page: Location field labels","labels":[{"name":"host","value":"DESKTOP-M6B6NA1"},{"name":"thread","value":"30304@DESKTOP-M6B6NA1.main(1)"},{"name":"feature","value":"Events page"},{"name":"story","value":"Location field labels"},{"name":"suite","value":"Events page"},{"name":"testClass","value":"Location field labels"},{"name":"framework","value":"cucumber4jvm"},{"name":"language","value":"java"},{"name":"gherkin_uri","value":"file:///C:/Users/csomo/IdeaProjects/SWE_Test_Proj/src/test/resources/features/events.feature"},{"name":"package","value":"src.test.resources.features.events_feature.Events page"}],"links":[],"name":"Location field labels","status":"failed","statusDetails":{"known":false,"muted":false,"flaky":false,"message":"expected:<1> but was:<12>","trace":"java.lang.AssertionError: expected:<1> but was:<12>\r\n\tat org.junit.Assert.fail(Assert.java:89)\r\n\tat org.junit.Assert.failNotEquals(Assert.java:835)\r\n\tat org.junit.Assert.assertEquals(Assert.java:647)\r\n\tat org.junit.Assert.assertEquals(Assert.java:633)\r\n\tat com.unideb.stepdefinition.StepDefinitions.iSeeCountCardInEvents(StepDefinitions.java:99)\r\n\tat ✽.I see 1 card in Events(file:///C:/Users/csomo/IdeaProjects/SWE_Test_Proj/src/test/resources/features/events.feature:23)\r\n"},"stage":"finished","steps":[{"name":"Given  the events page opened","status":"passed","statusDetails":{"known":false,"muted":false,"flaky":false},"stage":"finished","steps":[],"attachments":[],"parameters":[],"start":1715724359788,"stop":1715724360736},{"name":"When  I click the Location filter","status":"passed","statusDetails":{"known":false,"muted":false,"flaky":false},"stage":"finished","steps":[],"attachments":[],"parameters":[],"start":1715724360737,"stop":1715724361521},{"name":"And  I type \"hun\" in location search","status":"passed","statusDetails":{"known":false,"muted":false,"flaky":false},"stage":"finished","steps":[],"attachments":[],"parameters":[],"start":1715724361522,"stop":1715724361635},{"name":"Then  I select each filter","status":"passed","statusDetails":{"known":false,"muted":false,"flaky":false},"stage":"finished","steps":[],"attachments":[],"parameters":[],"start":1715724361636,"stop":1715724361755},{"name":"Then  I see 1 card in Events","status":"failed","statusDetails":{"known":false,"muted":false,"flaky":false,"message":"expected:<1> but was:<12>","trace":"java.lang.AssertionError: expected:<1> but was:<12>\r\n\tat org.junit.Assert.fail(Assert.java:89)\r\n\tat org.junit.Assert.failNotEquals(Assert.java:835)\r\n\tat org.junit.Assert.assertEquals(Assert.java:647)\r\n\tat org.junit.Assert.assertEquals(Assert.java:633)\r\n\tat com.unideb.stepdefinition.StepDefinitions.iSeeCountCardInEvents(StepDefinitions.java:99)\r\n\tat ✽.I see 1 card in Events(file:///C:/Users/csomo/IdeaProjects/SWE_Test_Proj/src/test/resources/features/events.feature:23)\r\n"},"stage":"finished","steps":[],"attachments":[],"parameters":[],"start":1715724361755,"stop":1715724361780},{"name":"And  I see 6 label","status":"skipped","statusDetails":{"known":false,"muted":false,"flaky":false},"stage":"finished","steps":[],"attachments":[],"parameters":[],"start":1715724361782,"stop":1715724361783}],"attachments":[],"parameters":[{"name":"search-location","value":"hun"},{"name":"card_count","value":"1"},{"name":"count","value":"6"}],"start":1715724359787,"stop":1715724361788}