{"uuid":"22899162-3a2b-452c-b91c-24092ced5f13","historyId":"82912f9ddd2b5b4181965cfee7bfc71d","fullName":"Events page: Search for events with location filter","labels":[{"name":"host","value":"DESKTOP-M6B6NA1"},{"name":"thread","value":"37500@DESKTOP-M6B6NA1.main(1)"},{"name":"feature","value":"Events page"},{"name":"story","value":"Search for events with location filter"},{"name":"suite","value":"Events page"},{"name":"testClass","value":"Search for events with location filter"},{"name":"framework","value":"cucumber4jvm"},{"name":"language","value":"java"},{"name":"gherkin_uri","value":"file:///C:/Users/csomo/IdeaProjects/SWE_Test_Proj/src/test/resources/features/events.feature"},{"name":"package","value":"src.test.resources.features.events_feature.Events page"}],"links":[],"name":"Search for events with location filter","status":"failed","statusDetails":{"known":false,"muted":false,"flaky":false,"message":"expected:<10> but was:<2>","trace":"java.lang.AssertionError: expected:<10> but was:<2>\r\n\tat org.junit.Assert.fail(Assert.java:89)\r\n\tat org.junit.Assert.failNotEquals(Assert.java:835)\r\n\tat org.junit.Assert.assertEquals(Assert.java:647)\r\n\tat org.junit.Assert.assertEquals(Assert.java:633)\r\n\tat com.unideb.stepdefinition.Stepdefinitions_events.iSeeLabel_numTypeLabel(Stepdefinitions_events.java:94)\r\n\tat ✽.I see 10 \"Location\" label(file:///C:/Users/csomo/IdeaProjects/SWE_Test_Proj/src/test/resources/features/events.feature:24)\r\n"},"stage":"finished","steps":[{"name":"Given  the events page opened","status":"passed","statusDetails":{"known":false,"muted":false,"flaky":false},"stage":"finished","steps":[],"attachments":[],"parameters":[],"start":1715794965657,"stop":1715794966251},{"name":"When  I click the Location filter","status":"passed","statusDetails":{"known":false,"muted":false,"flaky":false},"stage":"finished","steps":[],"attachments":[],"parameters":[],"start":1715794966251,"stop":1715794966399},{"name":"And  I type \"hu\" in filter search","status":"passed","statusDetails":{"known":false,"muted":false,"flaky":false},"stage":"finished","steps":[],"attachments":[],"parameters":[],"start":1715794966399,"stop":1715794966495},{"name":"Then  I select each location filter","status":"passed","statusDetails":{"known":false,"muted":false,"flaky":false},"stage":"finished","steps":[],"attachments":[],"parameters":[],"start":1715794966495,"stop":1715794967255},{"name":"Then  I see 2 card on Events","status":"passed","statusDetails":{"known":false,"muted":false,"flaky":false},"stage":"finished","steps":[],"attachments":[],"parameters":[],"start":1715794967255,"stop":1715794968325},{"name":"And  I see 10 \"Location\" label","status":"failed","statusDetails":{"known":false,"muted":false,"flaky":false,"message":"expected:<10> but was:<2>","trace":"java.lang.AssertionError: expected:<10> but was:<2>\r\n\tat org.junit.Assert.fail(Assert.java:89)\r\n\tat org.junit.Assert.failNotEquals(Assert.java:835)\r\n\tat org.junit.Assert.assertEquals(Assert.java:647)\r\n\tat org.junit.Assert.assertEquals(Assert.java:633)\r\n\tat com.unideb.stepdefinition.Stepdefinitions_events.iSeeLabel_numTypeLabel(Stepdefinitions_events.java:94)\r\n\tat ✽.I see 10 \"Location\" label(file:///C:/Users/csomo/IdeaProjects/SWE_Test_Proj/src/test/resources/features/events.feature:24)\r\n"},"stage":"finished","steps":[],"attachments":[],"parameters":[],"start":1715794968325,"stop":1715794968332}],"attachments":[],"parameters":[{"name":"search-location","value":"hu"},{"name":"card_count","value":"2"},{"name":"label_num","value":"10"},{"name":"type","value":"Location"}],"start":1715794965657,"stop":1715794968333}