{"uuid":"2bf0e050-ed4e-48d3-bad3-3771b72f0e41","historyId":"4dda250a0d73530994eb8b8c3a987cb0","fullName":"Events page: Navigation bar functionalities","labels":[{"name":"host","value":"DESKTOP-M6B6NA1"},{"name":"thread","value":"17636@DESKTOP-M6B6NA1.main(1)"},{"name":"feature","value":"Events page"},{"name":"story","value":"Navigation bar functionalities"},{"name":"suite","value":"Events page"},{"name":"testClass","value":"Navigation bar functionalities"},{"name":"framework","value":"cucumber4jvm"},{"name":"language","value":"java"},{"name":"gherkin_uri","value":"file:///C:/Users/csomo/IdeaProjects/SWE_Test_Proj/src/test/resources/features/events.feature"},{"name":"package","value":"src.test.resources.features.events_feature.Events page"}],"links":[],"name":"Navigation bar functionalities","status":"failed","statusDetails":{"known":false,"muted":false,"flaky":false,"message":"java.lang.AssertionError","trace":"java.lang.AssertionError\r\n\tat org.junit.Assert.fail(Assert.java:87)\r\n\tat org.junit.Assert.assertTrue(Assert.java:42)\r\n\tat org.junit.Assert.assertTrue(Assert.java:53)\r\n\tat com.unideb.stepdefinition.Stepdefinitions_events.theRequiredOpens(Stepdefinitions_events.java:112)\r\n\tat ✽.the required \"Login\" opens(file:///C:/Users/csomo/IdeaProjects/SWE_Test_Proj/src/test/resources/features/events.feature:34)\r\n"},"stage":"finished","steps":[{"name":"Given  the events page opened","status":"passed","statusDetails":{"known":false,"muted":false,"flaky":false},"stage":"finished","steps":[],"attachments":[],"parameters":[],"start":1715798457804,"stop":1715798458445},{"name":"When  I click on \"Login\" navigation","status":"passed","statusDetails":{"known":false,"muted":false,"flaky":false},"stage":"finished","steps":[],"attachments":[],"parameters":[],"start":1715798458445,"stop":1715798460358},{"name":"Then  the required \"Login\" opens","status":"failed","statusDetails":{"known":false,"muted":false,"flaky":false,"message":"java.lang.AssertionError","trace":"java.lang.AssertionError\r\n\tat org.junit.Assert.fail(Assert.java:87)\r\n\tat org.junit.Assert.assertTrue(Assert.java:42)\r\n\tat org.junit.Assert.assertTrue(Assert.java:53)\r\n\tat com.unideb.stepdefinition.Stepdefinitions_events.theRequiredOpens(Stepdefinitions_events.java:112)\r\n\tat ✽.the required \"Login\" opens(file:///C:/Users/csomo/IdeaProjects/SWE_Test_Proj/src/test/resources/features/events.feature:34)\r\n"},"stage":"finished","steps":[],"attachments":[],"parameters":[],"start":1715798460358,"stop":1715798460371}],"attachments":[],"parameters":[{"name":"page","value":"Login"}],"start":1715798457803,"stop":1715798460372}