{"uuid":"2c0e0646-293e-48eb-93b9-73bb308c9f74","historyId":"7db980b610ec872f9036cb34462cc8bf","fullName":"Events page: Search for events with speaker filter","labels":[{"name":"host","value":"DESKTOP-M6B6NA1"},{"name":"thread","value":"28552@DESKTOP-M6B6NA1.main(1)"},{"name":"feature","value":"Events page"},{"name":"story","value":"Search for events with speaker filter"},{"name":"suite","value":"Events page"},{"name":"testClass","value":"Search for events with speaker filter"},{"name":"framework","value":"cucumber4jvm"},{"name":"language","value":"java"},{"name":"gherkin_uri","value":"file:///C:/Users/csomo/IdeaProjects/SWE_Test_Proj/src/test/resources/features/events.feature"},{"name":"package","value":"src.test.resources.features.events_feature.Events page"}],"links":[],"name":"Search for events with speaker filter","status":"failed","statusDetails":{"known":false,"muted":false,"flaky":false,"message":"expected:<1> but was:<20>","trace":"java.lang.AssertionError: expected:<1> but was:<20>\r\n\tat org.junit.Assert.fail(Assert.java:89)\r\n\tat org.junit.Assert.failNotEquals(Assert.java:835)\r\n\tat org.junit.Assert.assertEquals(Assert.java:647)\r\n\tat org.junit.Assert.assertEquals(Assert.java:633)\r\n\tat com.unideb.stepdefinition.Stepdefinitions_events.iSeeLabel_numTypeLabel(Stepdefinitions_events.java:77)\r\n\tat ✽.I see 1 \"Speaker\" label(file:///C:/Users/csomo/IdeaProjects/SWE_Test_Proj/src/test/resources/features/events.feature:52)\r\n"},"stage":"finished","steps":[{"name":"Given  the events page opened","status":"passed","statusDetails":{"known":false,"muted":false,"flaky":false},"stage":"finished","steps":[],"attachments":[],"parameters":[],"start":1715802658747,"stop":1715802659550},{"name":"When  I click on More Filters","status":"passed","statusDetails":{"known":false,"muted":false,"flaky":false},"stage":"finished","steps":[],"attachments":[],"parameters":[],"start":1715802659550,"stop":1715802660349},{"name":"And  I click the Speaker filter","status":"passed","statusDetails":{"known":false,"muted":false,"flaky":false},"stage":"finished","steps":[],"attachments":[],"parameters":[],"start":1715802660349,"stop":1715802660419},{"name":"And  I type \"Nikanchuk\" in filter search","status":"passed","statusDetails":{"known":false,"muted":false,"flaky":false},"stage":"finished","steps":[],"attachments":[],"parameters":[],"start":1715802660420,"stop":1715802660663},{"name":"And  I select each Speaker filter","status":"passed","statusDetails":{"known":false,"muted":false,"flaky":false},"stage":"finished","steps":[],"attachments":[],"parameters":[],"start":1715802660664,"stop":1715802660798},{"name":"Then  I see 1 \"Speaker\" label","status":"failed","statusDetails":{"known":false,"muted":false,"flaky":false,"message":"expected:<1> but was:<20>","trace":"java.lang.AssertionError: expected:<1> but was:<20>\r\n\tat org.junit.Assert.fail(Assert.java:89)\r\n\tat org.junit.Assert.failNotEquals(Assert.java:835)\r\n\tat org.junit.Assert.assertEquals(Assert.java:647)\r\n\tat org.junit.Assert.assertEquals(Assert.java:633)\r\n\tat com.unideb.stepdefinition.Stepdefinitions_events.iSeeLabel_numTypeLabel(Stepdefinitions_events.java:77)\r\n\tat ✽.I see 1 \"Speaker\" label(file:///C:/Users/csomo/IdeaProjects/SWE_Test_Proj/src/test/resources/features/events.feature:52)\r\n"},"stage":"finished","steps":[],"attachments":[],"parameters":[],"start":1715802660798,"stop":1715802671969},{"name":"And  I see 1 card on Events","status":"skipped","statusDetails":{"known":false,"muted":false,"flaky":false},"stage":"finished","steps":[],"attachments":[],"parameters":[],"start":1715802671969,"stop":1715802671970}],"attachments":[],"parameters":[{"name":"name","value":"Nikanchuk"},{"name":"card_num","value":"1"},{"name":"label_num","value":"1"},{"name":"type","value":"Speaker"}],"start":1715802658747,"stop":1715802671970}