{"uuid":"42350d0e-4d22-4abf-876d-3a4a4b30557e","historyId":"7f142a3ba1a08a0e4927c204a7104613","fullName":"Speakers page: Search for tags","labels":[{"name":"host","value":"DESKTOP-M6B6NA1"},{"name":"thread","value":"16612@DESKTOP-M6B6NA1.main(1)"},{"name":"feature","value":"Speakers page"},{"name":"story","value":"Search for tags"},{"name":"suite","value":"Speakers page"},{"name":"testClass","value":"Search for tags"},{"name":"framework","value":"cucumber4jvm"},{"name":"language","value":"java"},{"name":"gherkin_uri","value":"file:///C:/Users/csomo/IdeaProjects/SWE_Test_Proj/src/test/resources/features/speakers.feature"},{"name":"package","value":"src.test.resources.features.speakers_feature.Speakers page"}],"links":[],"name":"Search for tags","status":"broken","statusDetails":{"known":false,"muted":false,"flaky":false,"message":"element click intercepted: Element <button type=\"button\" id=\"filter_tag\" class=\"Button-module__button__Oq73a Button-module__medium__2vqKz Button-module__dropdown__S4ts5 evnt-filter-button dropdown-toggle\" data-toggle=\"dropdown\">...</button> is not clickable at point (1327, 180). Other element would receive the click: <div class=\"evnt-global-loader\">...</div>\n  (Session info: chrome=124.0.6367.208)\nBuild info: version: '4.20.0', revision: '866c76ca80'\nSystem info: os.name: 'Windows 10', os.arch: 'amd64', os.version: '10.0', java.version: '21.0.2'\nDriver info: org.openqa.selenium.chrome.ChromeDriver\nCommand: [311191f5fc232a3faa40b2394f2bb735, clickElement {id=f.E466D7550FCCE3EF8C358DB306CE3792.d.C3B9261A4A59915A2527982D03F3B41C.e.2867}]\nCapabilities {acceptInsecureCerts: false, browserName: chrome, browserVersion: 124.0.6367.208, chrome: {chromedriverVersion: 124.0.6367.207 (a9001a6e39f..., userDataDir: C:\\Users\\csomo\\AppData\\Loca...}, fedcm:accounts: true, goog:chromeOptions: {debuggerAddress: localhost:58517}, networkConnectionEnabled: false, pageLoadStrategy: normal, platformName: windows, proxy: Proxy(), se:cdp: ws://localhost:58517/devtoo..., se:cdpVersion: 124.0.6367.208, setWindowRect: true, strictFileInteractability: false, timeouts: {implicit: 0, pageLoad: 300000, script: 30000}, unhandledPromptBehavior: dismiss and notify, webauthn:extension:credBlob: true, webauthn:extension:largeBlob: true, webauthn:extension:minPinLength: true, webauthn:extension:prf: true, webauthn:virtualAuthenticators: true}\nElement: [[ChromeDriver: chrome on windows (311191f5fc232a3faa40b2394f2bb735)] -> css selector: #filter_tag]\nSession ID: 311191f5fc232a3faa40b2394f2bb735","trace":"org.openqa.selenium.ElementClickInterceptedException: element click intercepted: Element <button type=\"button\" id=\"filter_tag\" class=\"Button-module__button__Oq73a Button-module__medium__2vqKz Button-module__dropdown__S4ts5 evnt-filter-button dropdown-toggle\" data-toggle=\"dropdown\">...</button> is not clickable at point (1327, 180). Other element would receive the click: <div class=\"evnt-global-loader\">...</div>\n  (Session info: chrome=124.0.6367.208)\nBuild info: version: '4.20.0', revision: '866c76ca80'\nSystem info: os.name: 'Windows 10', os.arch: 'amd64', os.version: '10.0', java.version: '21.0.2'\nDriver info: org.openqa.selenium.chrome.ChromeDriver\nCommand: [311191f5fc232a3faa40b2394f2bb735, clickElement {id=f.E466D7550FCCE3EF8C358DB306CE3792.d.C3B9261A4A59915A2527982D03F3B41C.e.2867}]\nCapabilities {acceptInsecureCerts: false, browserName: chrome, browserVersion: 124.0.6367.208, chrome: {chromedriverVersion: 124.0.6367.207 (a9001a6e39f..., userDataDir: C:\\Users\\csomo\\AppData\\Loca...}, fedcm:accounts: true, goog:chromeOptions: {debuggerAddress: localhost:58517}, networkConnectionEnabled: false, pageLoadStrategy: normal, platformName: windows, proxy: Proxy(), se:cdp: ws://localhost:58517/devtoo..., se:cdpVersion: 124.0.6367.208, setWindowRect: true, strictFileInteractability: false, timeouts: {implicit: 0, pageLoad: 300000, script: 30000}, unhandledPromptBehavior: dismiss and notify, webauthn:extension:credBlob: true, webauthn:extension:largeBlob: true, webauthn:extension:minPinLength: true, webauthn:extension:prf: true, webauthn:virtualAuthenticators: true}\nElement: [[ChromeDriver: chrome on windows (311191f5fc232a3faa40b2394f2bb735)] -> css selector: #filter_tag]\nSession ID: 311191f5fc232a3faa40b2394f2bb735\r\n\tat java.base/jdk.internal.reflect.DirectConstructorHandleAccessor.newInstance(DirectConstructorHandleAccessor.java:62)\r\n\tat java.base/java.lang.reflect.Constructor.newInstanceWithCaller(Constructor.java:502)\r\n\tat java.base/java.lang.reflect.Constructor.newInstance(Constructor.java:486)\r\n\tat org.openqa.selenium.remote.ErrorCodec.decode(ErrorCodec.java:167)\r\n\tat org.openqa.selenium.remote.codec.w3c.W3CHttpResponseCodec.decode(W3CHttpResponseCodec.java:138)\r\n\tat org.openqa.selenium.remote.codec.w3c.W3CHttpResponseCodec.decode(W3CHttpResponseCodec.java:50)\r\n\tat org.openqa.selenium.remote.HttpCommandExecutor.execute(HttpCommandExecutor.java:190)\r\n\tat org.openqa.selenium.remote.service.DriverCommandExecutor.invokeExecute(DriverCommandExecutor.java:216)\r\n\tat org.openqa.selenium.remote.service.DriverCommandExecutor.execute(DriverCommandExecutor.java:174)\r\n\tat org.openqa.selenium.remote.RemoteWebDriver.execute(RemoteWebDriver.java:518)\r\n\tat org.openqa.selenium.remote.RemoteWebElement.execute(RemoteWebElement.java:223)\r\n\tat org.openqa.selenium.remote.RemoteWebElement.click(RemoteWebElement.java:76)\r\n\tat java.base/jdk.internal.reflect.DirectMethodHandleAccessor.invoke(DirectMethodHandleAccessor.java:103)\r\n\tat java.base/java.lang.reflect.Method.invoke(Method.java:580)\r\n\tat org.openqa.selenium.support.pagefactory.internal.LocatingElementHandler.invoke(LocatingElementHandler.java:51)\r\n\tat jdk.proxy2/jdk.proxy2.$Proxy29.click(Unknown Source)\r\n\tat com.unideb.pageObjects.SpeakersPage.clickTagsButton(SpeakersPage.java:47)\r\n\tat com.unideb.stepdefinition.StepDefinitions.iClickTheTagsSearchButton(StepDefinitions.java:101)\r\n\tat ✽.I click the tags search Button(file:///C:/Users/csomo/IdeaProjects/SWE_Test_Proj/src/test/resources/features/speakers.feature:16)\r\n"},"stage":"finished","steps":[{"name":"Given  the speakers portal is opened","status":"passed","statusDetails":{"known":false,"muted":false,"flaky":false},"stage":"finished","steps":[],"attachments":[],"parameters":[],"start":1715859769776,"stop":1715859770507},{"name":"When  I click the tags search Button","status":"broken","statusDetails":{"known":false,"muted":false,"flaky":false,"message":"element click intercepted: Element <button type=\"button\" id=\"filter_tag\" class=\"Button-module__button__Oq73a Button-module__medium__2vqKz Button-module__dropdown__S4ts5 evnt-filter-button dropdown-toggle\" data-toggle=\"dropdown\">...</button> is not clickable at point (1327, 180). Other element would receive the click: <div class=\"evnt-global-loader\">...</div>\n  (Session info: chrome=124.0.6367.208)\nBuild info: version: '4.20.0', revision: '866c76ca80'\nSystem info: os.name: 'Windows 10', os.arch: 'amd64', os.version: '10.0', java.version: '21.0.2'\nDriver info: org.openqa.selenium.chrome.ChromeDriver\nCommand: [311191f5fc232a3faa40b2394f2bb735, clickElement {id=f.E466D7550FCCE3EF8C358DB306CE3792.d.C3B9261A4A59915A2527982D03F3B41C.e.2867}]\nCapabilities {acceptInsecureCerts: false, browserName: chrome, browserVersion: 124.0.6367.208, chrome: {chromedriverVersion: 124.0.6367.207 (a9001a6e39f..., userDataDir: C:\\Users\\csomo\\AppData\\Loca...}, fedcm:accounts: true, goog:chromeOptions: {debuggerAddress: localhost:58517}, networkConnectionEnabled: false, pageLoadStrategy: normal, platformName: windows, proxy: Proxy(), se:cdp: ws://localhost:58517/devtoo..., se:cdpVersion: 124.0.6367.208, setWindowRect: true, strictFileInteractability: false, timeouts: {implicit: 0, pageLoad: 300000, script: 30000}, unhandledPromptBehavior: dismiss and notify, webauthn:extension:credBlob: true, webauthn:extension:largeBlob: true, webauthn:extension:minPinLength: true, webauthn:extension:prf: true, webauthn:virtualAuthenticators: true}\nElement: [[ChromeDriver: chrome on windows (311191f5fc232a3faa40b2394f2bb735)] -> css selector: #filter_tag]\nSession ID: 311191f5fc232a3faa40b2394f2bb735","trace":"org.openqa.selenium.ElementClickInterceptedException: element click intercepted: Element <button type=\"button\" id=\"filter_tag\" class=\"Button-module__button__Oq73a Button-module__medium__2vqKz Button-module__dropdown__S4ts5 evnt-filter-button dropdown-toggle\" data-toggle=\"dropdown\">...</button> is not clickable at point (1327, 180). Other element would receive the click: <div class=\"evnt-global-loader\">...</div>\n  (Session info: chrome=124.0.6367.208)\nBuild info: version: '4.20.0', revision: '866c76ca80'\nSystem info: os.name: 'Windows 10', os.arch: 'amd64', os.version: '10.0', java.version: '21.0.2'\nDriver info: org.openqa.selenium.chrome.ChromeDriver\nCommand: [311191f5fc232a3faa40b2394f2bb735, clickElement {id=f.E466D7550FCCE3EF8C358DB306CE3792.d.C3B9261A4A59915A2527982D03F3B41C.e.2867}]\nCapabilities {acceptInsecureCerts: false, browserName: chrome, browserVersion: 124.0.6367.208, chrome: {chromedriverVersion: 124.0.6367.207 (a9001a6e39f..., userDataDir: C:\\Users\\csomo\\AppData\\Loca...}, fedcm:accounts: true, goog:chromeOptions: {debuggerAddress: localhost:58517}, networkConnectionEnabled: false, pageLoadStrategy: normal, platformName: windows, proxy: Proxy(), se:cdp: ws://localhost:58517/devtoo..., se:cdpVersion: 124.0.6367.208, setWindowRect: true, strictFileInteractability: false, timeouts: {implicit: 0, pageLoad: 300000, script: 30000}, unhandledPromptBehavior: dismiss and notify, webauthn:extension:credBlob: true, webauthn:extension:largeBlob: true, webauthn:extension:minPinLength: true, webauthn:extension:prf: true, webauthn:virtualAuthenticators: true}\nElement: [[ChromeDriver: chrome on windows (311191f5fc232a3faa40b2394f2bb735)] -> css selector: #filter_tag]\nSession ID: 311191f5fc232a3faa40b2394f2bb735\r\n\tat java.base/jdk.internal.reflect.DirectConstructorHandleAccessor.newInstance(DirectConstructorHandleAccessor.java:62)\r\n\tat java.base/java.lang.reflect.Constructor.newInstanceWithCaller(Constructor.java:502)\r\n\tat java.base/java.lang.reflect.Constructor.newInstance(Constructor.java:486)\r\n\tat org.openqa.selenium.remote.ErrorCodec.decode(ErrorCodec.java:167)\r\n\tat org.openqa.selenium.remote.codec.w3c.W3CHttpResponseCodec.decode(W3CHttpResponseCodec.java:138)\r\n\tat org.openqa.selenium.remote.codec.w3c.W3CHttpResponseCodec.decode(W3CHttpResponseCodec.java:50)\r\n\tat org.openqa.selenium.remote.HttpCommandExecutor.execute(HttpCommandExecutor.java:190)\r\n\tat org.openqa.selenium.remote.service.DriverCommandExecutor.invokeExecute(DriverCommandExecutor.java:216)\r\n\tat org.openqa.selenium.remote.service.DriverCommandExecutor.execute(DriverCommandExecutor.java:174)\r\n\tat org.openqa.selenium.remote.RemoteWebDriver.execute(RemoteWebDriver.java:518)\r\n\tat org.openqa.selenium.remote.RemoteWebElement.execute(RemoteWebElement.java:223)\r\n\tat org.openqa.selenium.remote.RemoteWebElement.click(RemoteWebElement.java:76)\r\n\tat java.base/jdk.internal.reflect.DirectMethodHandleAccessor.invoke(DirectMethodHandleAccessor.java:103)\r\n\tat java.base/java.lang.reflect.Method.invoke(Method.java:580)\r\n\tat org.openqa.selenium.support.pagefactory.internal.LocatingElementHandler.invoke(LocatingElementHandler.java:51)\r\n\tat jdk.proxy2/jdk.proxy2.$Proxy29.click(Unknown Source)\r\n\tat com.unideb.pageObjects.SpeakersPage.clickTagsButton(SpeakersPage.java:47)\r\n\tat com.unideb.stepdefinition.StepDefinitions.iClickTheTagsSearchButton(StepDefinitions.java:101)\r\n\tat ✽.I click the tags search Button(file:///C:/Users/csomo/IdeaProjects/SWE_Test_Proj/src/test/resources/features/speakers.feature:16)\r\n"},"stage":"finished","steps":[],"attachments":[],"parameters":[],"start":1715859770507,"stop":1715859771611},{"name":"And  I click into the tags search Bar","status":"skipped","statusDetails":{"known":false,"muted":false,"flaky":false},"stage":"finished","steps":[],"attachments":[],"parameters":[],"start":1715859771611,"stop":1715859771611},{"name":"And  I type \"polish\" in tags search","status":"skipped","statusDetails":{"known":false,"muted":false,"flaky":false},"stage":"finished","steps":[],"attachments":[],"parameters":[],"start":1715859771611,"stop":1715859771611},{"name":"Then  I see the \"Polish\" label on Speakers Page","status":"skipped","statusDetails":{"known":false,"muted":false,"flaky":false},"stage":"finished","steps":[],"attachments":[],"parameters":[],"start":1715859771611,"stop":1715859771611}],"attachments":[],"parameters":[{"name":"search-term","value":"polish"},{"name":"label","value":"Polish"}],"start":1715859769776,"stop":1715859771612}