{"uuid":"d429e5bc-aab4-4dc0-ac67-1cb27686f4d6","historyId":"26249d9b4a280605170460522b7e6486","fullName":"Events page: Search for events with location filter","labels":[{"name":"host","value":"DESKTOP-M6B6NA1"},{"name":"thread","value":"37500@DESKTOP-M6B6NA1.main(1)"},{"name":"feature","value":"Events page"},{"name":"story","value":"Search for events with location filter"},{"name":"suite","value":"Events page"},{"name":"testClass","value":"Search for events with location filter"},{"name":"framework","value":"cucumber4jvm"},{"name":"language","value":"java"},{"name":"gherkin_uri","value":"file:///C:/Users/csomo/IdeaProjects/SWE_Test_Proj/src/test/resources/features/events.feature"},{"name":"package","value":"src.test.resources.features.events_feature.Events page"}],"links":[],"name":"Search for events with location filter","status":"failed","statusDetails":{"known":false,"muted":false,"flaky":false,"message":"expected:<2> but was:<1>","trace":"java.lang.AssertionError: expected:<2> but was:<1>\r\n\tat org.junit.Assert.fail(Assert.java:89)\r\n\tat org.junit.Assert.failNotEquals(Assert.java:835)\r\n\tat org.junit.Assert.assertEquals(Assert.java:647)\r\n\tat org.junit.Assert.assertEquals(Assert.java:633)\r\n\tat com.unideb.stepdefinition.Stepdefinitions_events.iSeeLabel_numTypeLabel(Stepdefinitions_events.java:94)\r\n\tat ✽.I see 2 \"Location\" label(file:///C:/Users/csomo/IdeaProjects/SWE_Test_Proj/src/test/resources/features/events.feature:24)\r\n"},"stage":"finished","steps":[{"name":"Given  the events page opened","status":"passed","statusDetails":{"known":false,"muted":false,"flaky":false},"stage":"finished","steps":[],"attachments":[],"parameters":[],"start":1715794962968,"stop":1715794963670},{"name":"When  I click the Location filter","status":"passed","statusDetails":{"known":false,"muted":false,"flaky":false},"stage":"finished","steps":[],"attachments":[],"parameters":[],"start":1715794963670,"stop":1715794964359},{"name":"And  I type \"kingdom\" in filter search","status":"passed","statusDetails":{"known":false,"muted":false,"flaky":false},"stage":"finished","steps":[],"attachments":[],"parameters":[],"start":1715794964359,"stop":1715794964478},{"name":"Then  I select each location filter","status":"passed","statusDetails":{"known":false,"muted":false,"flaky":false},"stage":"finished","steps":[],"attachments":[],"parameters":[],"start":1715794964478,"stop":1715794964546},{"name":"Then  I see 5 card on Events","status":"passed","statusDetails":{"known":false,"muted":false,"flaky":false},"stage":"finished","steps":[],"attachments":[],"parameters":[],"start":1715794964546,"stop":1715794965622},{"name":"And  I see 2 \"Location\" label","status":"failed","statusDetails":{"known":false,"muted":false,"flaky":false,"message":"expected:<2> but was:<1>","trace":"java.lang.AssertionError: expected:<2> but was:<1>\r\n\tat org.junit.Assert.fail(Assert.java:89)\r\n\tat org.junit.Assert.failNotEquals(Assert.java:835)\r\n\tat org.junit.Assert.assertEquals(Assert.java:647)\r\n\tat org.junit.Assert.assertEquals(Assert.java:633)\r\n\tat com.unideb.stepdefinition.Stepdefinitions_events.iSeeLabel_numTypeLabel(Stepdefinitions_events.java:94)\r\n\tat ✽.I see 2 \"Location\" label(file:///C:/Users/csomo/IdeaProjects/SWE_Test_Proj/src/test/resources/features/events.feature:24)\r\n"},"stage":"finished","steps":[],"attachments":[],"parameters":[],"start":1715794965622,"stop":1715794965635}],"attachments":[],"parameters":[{"name":"search-location","value":"kingdom"},{"name":"card_count","value":"5"},{"name":"label_num","value":"2"},{"name":"type","value":"Location"}],"start":1715794962968,"stop":1715794965636}